* using log directory ‘/Users/gzhu/Library/CloudStorage/Dropbox/Sync_Documents/My-R/MY Packages/toolkit/..Rcheck’
* using R version 4.4.1 (2024-06-14)
* using platform: aarch64-apple-darwin20
* R was compiled by
    Apple clang version 14.0.0 (clang-1400.0.29.202)
    GNU Fortran (GCC) 12.2.0
* running under: macOS Sonoma 14.6.1
* using session charset: UTF-8
* checking for file ‘./DESCRIPTION’ ... OK
* this is package ‘toolkit’ version ‘1.0.4’
* package encoding: UTF-8
* checking package namespace information ... OK
* checking package dependencies ... OK
* checking if this is a source package ... OK
* checking if there is a namespace ... OK
* checking for executable files ... OK
* checking for hidden files and directories ... NOTE
Found the following hidden files and directories:
  .DS_Store
  .github/.gitignore
  .gitignore
  docs/reference/.DS_Store
  inst/.DS_Store
  man/.DS_Store
  man/figures/.DS_Store
  pkgdown/.DS_Store
  R/.DS_Store
  ..Rcheck
  .git
  .github
  .Rproj.user
These were most likely included in error. See section ‘Package
structure’ in the ‘Writing R Extensions’ manual.
* checking for portable file names ... WARNING
Found the following file with a non-portable file name:
  _pkgdown copy.yml
These are not fully portable file names.
See section ‘Package structure’ in the ‘Writing R Extensions’ manual.
* checking for sufficient/correct file permissions ... OK
* checking whether package ‘toolkit’ can be installed ... OK
* checking installed package size ... OK
* checking package directory ... OK
* checking DESCRIPTION meta-information ... NOTE
Checking should be performed on sources prepared by ‘R CMD build’.
* checking top-level files ... OK
* checking for left-over files ... OK
* checking index information ... OK
* checking package subdirectories ... WARNING
Found the following directory with the name of a check directory:
  ./..Rcheck
Most likely, these were included erroneously.
Subdirectory ‘inst’ contains no files.
* checking code files for non-ASCII characters ... WARNING
Found the following files with non-ASCII characters:
  R/cut_txt.R
  R/summary_w2.R
Portable packages must use only ASCII characters in their R code and
NAMESPACE directives, except perhaps in comments.
Use \uxxxx escapes for other characters.
Function ‘tools::showNonASCIIfile’ can help in finding non-ASCII
characters in files.
* checking R files for syntax errors ... OK
* checking whether the package can be loaded ... OK
* checking whether the package can be loaded with stated dependencies ... OK
* checking whether the package can be unloaded cleanly ... OK
* checking whether the namespace can be loaded with stated dependencies ... OK
* checking whether the namespace can be unloaded cleanly ... OK
* checking dependencies in R code ... OK
* checking S3 generic/method consistency ... OK
* checking replacement functions ... OK
* checking foreign function calls ... OK
* checking R code for possible problems ... NOTE
compile_rnws: no visible global function definition for ‘knit2pdf’
compile_rnws: no visible binding for global variable ‘clean’
plot_coef: no visible binding for global variable ‘Coefficient’
plot_coef: no visible binding for global variable ‘Variable’
summary_w2: no visible binding for global variable ‘Person’
summary_w2: no visible binding for global variable ‘Amount’
summary_w2: no visible binding for global variable ‘Category’
summary_w2: no visible binding for global variable ‘Category_Total’
summary_w2: no visible binding for global variable ‘Person_Total’
summary_w2: no visible binding for global variable ‘Item’
summary_w2: no visible binding for global variable ‘Total’
Undefined global functions or variables:
  Amount Category Category_Total clean Coefficient Item knit2pdf Person
  Person_Total Total Variable
* checking Rd files ... OK
* checking Rd metadata ... OK
* checking Rd cross-references ... OK
* checking for missing documentation entries ... OK
* checking for code/documentation mismatches ... OK
* checking Rd \usage sections ... WARNING
Undocumented arguments in Rd file 'zkbl.Rd'
  ‘format.args’

Functions with \usage entries need to have the appropriate \alias
entries, and all their arguments documented.
The \usage entries must correspond to syntactically valid R code.
See chapter ‘Writing R documentation files’ in the ‘Writing R
Extensions’ manual.
* checking Rd contents ... OK
* checking for unstated dependencies in examples ... OK
* checking examples ... OK
* checking PDF version of manual ... WARNING
LaTeX errors when creating PDF version.
This typically indicates Rd problems.
LaTeX errors found:
! LaTeX Error: Unicode character 第 (U+7B2C)
               not set up for use with LaTeX.

See the LaTeX manual or LaTeX Companion for explanation.
Type  H <return>  for immediate help.
! LaTeX Error: Unicode character 章 (U+7AE0)
               not set up for use with LaTeX.

See the LaTeX manual or LaTeX Companion for explanation.
Type  H <return>  for immediate help.
! LaTeX Error: Unicode character 第 (U+7B2C)
               not set up for use with LaTeX.

See the LaTeX manual or LaTeX Companion for explanation.
Type  H <return>  for immediate help.
! LaTeX Error: Unicode character 章 (U+7AE0)
               not set up for use with LaTeX.

See the LaTeX manual or LaTeX Companion for explanation.
Type  H <return>  for immediate help.
! LaTeX Error: Unicode character 第 (U+7B2C)
               not set up for use with LaTeX.

See the LaTeX manual or LaTeX Companion for explanation.
Type  H <return>  for immediate help.
! LaTeX Error: Unicode character 章 (U+7AE0)
               not set up for use with LaTeX.

See the LaTeX manual or LaTeX Companion for explanation.
Type  H <return>  for immediate help.
* checking PDF version of manual without index ... ERROR
* DONE
Status: 1 ERROR, 5 WARNINGs, 3 NOTEs
